@Muzhi1920 ➜ .../from_zero_to_web3/infura_tutorial/truffle_infura/00_truffle_deploy (main ✗) $ truffle migrate --network ropsten --reset

Compiling your contracts...
===========================
> Everything is up to date, there is nothing to compile.


Starting migrations...
======================
> Network name:    'ropsten'
> Network id:      3
> Block gas limit: 30000000 (0x1c9c380)


1_initial_migration.js
======================

   Replacing 'Migrations'
   ----------------------
   > transaction hash:    0x617c70cbba39366246e52e462316a3a942f2acde31b50f5746593d65922ddc98
   > Blocks: 1            Seconds: 13
   > contract address:    0x4eBc823eB1121D8113d20f1f9D8827b71049bb41
   > block number:        12590821
   > block timestamp:     1657800252
   > account:             0x15C2ec8BaDd9EB4097Dbe9Df3B29E5248B5E77fF
   > balance:             9.997722494993577248
   > gas used:            193447 (0x2f3a7)
   > gas price:           2.500000007 gwei
   > value sent:          0 ETH
   > total cost:          0.000483617501354129 ETH

   Pausing for 2 confirmations...

   -------------------------------
   > confirmation number: 1 (block: 12590822)
   > confirmation number: 2 (block: 12590823)
   > Saving migration to chain.
   > Saving artifacts
   -------------------------------------
   > Total cost:     0.000483617501354129 ETH

Summary
=======
> Total deployments:   1
> Final cost:          0.000483617501354129 ETH